<?xml version="1.0" encoding="UTF-8"?>
<!-- Generated by org.testng.reporters.JUnitXMLReporter -->
<testsuite hostname="DESKTOP-HRP830N" ignored="0" name="Default test(failed)" tests="1" failures="1" timestamp="06 Mär 2019 18:35:35 GMT" time="0.069" errors="0">
  <testcase name="checkForAnomalies" time="0.05" classname="tests.PerformanceListenerTest">
    <failure type="java.lang.AssertionError" message="expected [1000] but found [1333.3333333333333]">
      <![CDATA[java.lang.AssertionError: expected [1000] but found [1333.3333333333333]
at tests.PerformanceListenerTest.checkForAnomalies(PerformanceListenerTest.java:37)
... Removed 30 stack frames]]>
    </failure>
  </testcase> <!-- checkForAnomalies -->
</testsuite> <!-- Default test(failed) -->
