<?xml version="1.0" encoding="UTF-8"?>
<!-- Generated by org.testng.reporters.JUnitXMLReporter -->
<testsuite hostname="DESKTOP-HRP830N" ignored="2" name="Default test" tests="1" failures="0" timestamp="06 Mär 2019 19:02:44 GMT" time="0.068" errors="0">
  <testcase name="checkForAnomaliesTest_invalid" time="0.051" classname="tests.PerformanceListenerTest"/>
  <testcase name="buildAverageTest" time="0.0" classname="tests.PerformanceListenerTest">
    <ignored/>
  </testcase> <!-- buildAverageTest -->
  <testcase name="checkForAnomaliesTest_valid" time="0.0" classname="tests.PerformanceListenerTest">
    <ignored/>
  </testcase> <!-- checkForAnomaliesTest_valid -->
</testsuite> <!-- Default test -->
