<?xml version="1.0" encoding="UTF-8"?>
<!-- Generated by org.testng.reporters.JUnitXMLReporter -->
<testsuite hostname="DESKTOP-HRP830N" ignored="0" name="performance-test" tests="12" failures="0" timestamp="06 Mär 2019 16:08:14 GMT" time="8.868" errors="0">
  <testcase name="abrechnungErstellenTest_invalid" time="0.579" classname="tests.AbrechnungDaoTest"/>
  <testcase name="abrechnungErstellenTest_valid" time="1.292" classname="tests.AbrechnungDaoTest"/>
  <testcase name="abrechnungLoeschenTest_invalid" time="0.925" classname="tests.AbrechnungDaoTest"/>
  <testcase name="abrechnungLoeschenTest_valid" time="0.565" classname="tests.AbrechnungDaoTest"/>
  <testcase name="validierenTest_invalid" time="0.618" classname="tests.AbrechnungDaoTest"/>
  <testcase name="validierenTest_valid" time="0.331" classname="tests.AbrechnungDaoTest"/>
  <testcase name="icdErstellenTest_invalid" time="0.255" classname="tests.IcdDaoTest"/>
  <testcase name="icdErstellenTest_valid" time="1.692" classname="tests.IcdDaoTest"/>
  <testcase name="icdTest_invalid" time="0.822" classname="tests.IcdDaoTest"/>
  <testcase name="icdTest_valid" time="0.427" classname="tests.IcdDaoTest"/>
  <testcase name="icdUeberpruefenTest_invalid" time="0.567" classname="tests.IcdDaoTest"/>
  <testcase name="icdUeberpruefenTest_valid" time="0.773" classname="tests.IcdDaoTest"/>
</testsuite> <!-- performance-test -->
