<?xml version="1.0" encoding="UTF-8"?>
<!-- Generated by org.testng.reporters.JUnitReportReporter -->
<testsuite skipped="0" hostname="DESKTOP-HRP830N" name="tests.AbrechnungDaoTest" tests="6" failures="0" timestamp="06 Mär 2019 16:08:14 GMT" time="4.310" errors="0">
  <testcase name="abrechnungErstellenTest_valid" time="1.292" classname="tests.AbrechnungDaoTest"/>
  <testcase name="abrechnungLoeschenTest_valid" time="0.565" classname="tests.AbrechnungDaoTest"/>
  <testcase name="abrechnungLoeschenTest_invalid" time="0.925" classname="tests.AbrechnungDaoTest"/>
  <testcase name="validierenTest_invalid" time="0.618" classname="tests.AbrechnungDaoTest"/>
  <testcase name="abrechnungErstellenTest_invalid" time="0.579" classname="tests.AbrechnungDaoTest"/>
  <testcase name="validierenTest_valid" time="0.331" classname="tests.AbrechnungDaoTest"/>
</testsuite> <!-- tests.AbrechnungDaoTest -->
