<?xml version="1.0" encoding="UTF-8"?>
<!-- Generated by org.testng.reporters.JUnitReportReporter -->
<testsuite skipped="0" hostname="DESKTOP-HRP830N" name="tests.IcdDaoTest" tests="6" failures="0" timestamp="06 Mär 2019 16:08:14 GMT" time="4.536" errors="0">
  <testcase name="icdTest_invalid" time="0.822" classname="tests.IcdDaoTest"/>
  <testcase name="icdTest_valid" time="0.427" classname="tests.IcdDaoTest"/>
  <testcase name="icdErstellenTest_invalid" time="0.255" classname="tests.IcdDaoTest"/>
  <testcase name="icdUeberpruefenTest_invalid" time="0.567" classname="tests.IcdDaoTest"/>
  <testcase name="icdUeberpruefenTest_valid" time="0.773" classname="tests.IcdDaoTest"/>
  <testcase name="icdErstellenTest_valid" time="1.692" classname="tests.IcdDaoTest"/>
</testsuite> <!-- tests.IcdDaoTest -->
